<?xml version="1.0" encoding="UTF-8"?>
<testsuite name="demo.TestTest" tests="2" skipped="0" failures="0" errors="0" timestamp="2022-02-18T11:20:34" hostname="MacBook-Air-Ivan.local" time="0.038">
  <properties/>
  <testcase name="main()" classname="demo.TestTest" time="0.032"/>
  <testcase name="greetings()" classname="demo.TestTest" time="0.003"/>
  <system-out><![CDATA[]]></system-out>
  <system-err><![CDATA[]]></system-err>
</testsuite>
